Wed May 08 21:30:55 BRT 2019 : Apache Derby Servidor de Rede - 10.10.2.0 - (1582446) iniciado e pronto para aceitar conexões na porta 1527 em {3}
----------------------------------------------------------------
Wed May 08 21:30:55 BRT 2019:
 Inicializando o Derby versão The Apache Software Foundation - Apache Derby - 10.10.2.0 - (1582446): instância a816c00e-016a-9a00-09c3-000067413dd9
no diretório de banco de dados C:\Users\31932835\Desktop\projeto_prog 

java.vendor=Oracle Corporation
java.runtime.version=1.8.0_161-b12
user.dir=C:\Program Files\glassfish-4.1.1\javadb
os.name=Windows 10
os.arch=amd64
os.version=10.0
derby.system.home=C:\Users\31932835\Desktop
Carregador de classe do banco de dados iniciado - derby.database.classpath=''
----------------------------------------------------------------
Wed May 08 21:31:10 BRT 2019:
Encerrando a instância a816c00e-016a-9a00-09c3-000067413dd9
Wed May 08 21:31:10 BRT 2019 Thread[DRDAConnThread_2,5,main] (DATABASE = projeto_prog), (DRDAID = {2}), Banco de dados 'projeto_prog' fechado.
----------------------------------------------------------------
Wed May 08 21:31:14 BRT 2019:
 Inicializando o Derby versão The Apache Software Foundation - Apache Derby - 10.10.2.0 - (1582446): instância 560740aa-016a-9a00-09c3-000067413dd9
no diretório de banco de dados C:\Users\31932835\Desktop\projeto_prog 

java.vendor=Oracle Corporation
java.runtime.version=1.8.0_161-b12
user.dir=C:\Program Files\glassfish-4.1.1\javadb
os.name=Windows 10
os.arch=amd64
os.version=10.0
derby.system.home=C:\Users\31932835\Desktop
Carregador de classe do banco de dados iniciado - derby.database.classpath=''
----------------------------------------------------------------
Wed May 08 22:10:24 BRT 2019: Shutting down Derby engine
